Building nutchWAX:
Buildfile: /home/jaan/nutchwax-git/build.xml

init:
    [unjar] Expanding: /home/jaan/nutchwax-git/lib/hadoop-0.19.1-core.jar into /home/jaan/nutchwax-git/build/hadoop
    [untar] Expanding: /home/jaan/nutchwax-git/build/hadoop/bin.tgz into /home/jaan/nutchwax-git/bin
    [unjar] Expanding: /home/jaan/nutchwax-git/lib/hadoop-0.19.1-core.jar into /home/jaan/nutchwax-git/build

compile-core:
    [javac] /home/jaan/nutchwax-git/build.xml:107: warning: 'includeantruntime' was not set, defaulting to build.sysclasspath=last; set to false for repeatable builds

compile-plugins:

deploy:

init:

init-plugin:

deps-jar:

init:

init-plugin:

compile:

jar:

compile:
     [echo] Compiling plugin: clustering-carrot2
    [javac] /home/jaan/nutchwax-git/src/plugin/build-plugin.xml:111: warning: 'includeantruntime' was not set, defaulting to build.sysclasspath=last; set to false for repeatable builds

jar:

deps-test:

init:

init-plugin:

compile:

jar:

deps-test:

deploy:

copy-generated-lib:

init:

init-plugin:

compile:

jar:

deps-test:

deploy:

copy-generated-lib:

deploy:

copy-generated-lib:

init:

init-plugin:

deps-jar:

compile:
     [echo] Compiling plugin: creativecommons
    [javac] /home/jaan/nutchwax-git/src/plugin/build-plugin.xml:111: warning: 'includeantruntime' was not set, defaulting to build.sysclasspath=last; set to false for repeatable builds

jar:

deps-test:

init:

init-plugin:

compile:

jar:

deps-test:

deploy:

copy-generated-lib:

init:

init-plugin:

deps-jar:

init:

init-plugin:

compile:

jar:

compile:
     [echo] Compiling plugin: parse-html
    [javac] /home/jaan/nutchwax-git/src/plugin/build-plugin.xml:111: warning: 'includeantruntime' was not set, defaulting to build.sysclasspath=last; set to false for repeatable builds

jar:

deps-test:

init:

init-plugin:

compile:

jar:

deps-test:

deploy:

copy-generated-lib:

init:

init-plugin:

compile:

jar:

deps-test:

deploy:

copy-generated-lib:

deploy:

copy-generated-lib:

deploy:

copy-generated-lib:

init:

init-plugin:

deps-jar:

init:

init-plugin:

compile:

jar:

compile:
     [echo] Compiling plugin: feed
    [javac] /home/jaan/nutchwax-git/src/plugin/build-plugin.xml:111: warning: 'includeantruntime' was not set, defaulting to build.sysclasspath=last; set to false for repeatable builds

jar:

deps-test:

init:

init-plugin:

compile:

jar:

deps-test:

deploy:

copy-generated-lib:

init:

init-plugin:

deps-jar:

compile:
     [echo] Compiling plugin: protocol-file
    [javac] /home/jaan/nutchwax-git/src/plugin/build-plugin.xml:111: warning: 'includeantruntime' was not set, defaulting to build.sysclasspath=last; set to false for repeatable builds

jar:

deps-test:

deploy:

copy-generated-lib:

deploy:

copy-generated-lib:

init:

init-plugin:

deps-jar:

compile:
     [echo] Compiling plugin: index-basic
    [javac] /home/jaan/nutchwax-git/src/plugin/build-plugin.xml:111: warning: 'includeantruntime' was not set, defaulting to build.sysclasspath=last; set to false for repeatable builds

jar:

deps-test:

deploy:

copy-generated-lib:

init:

init-plugin:

deps-jar:

compile:
     [echo] Compiling plugin: index-anchor
    [javac] /home/jaan/nutchwax-git/src/plugin/build-plugin.xml:111: warning: 'includeantruntime' was not set, defaulting to build.sysclasspath=last; set to false for repeatable builds

jar:

deps-test:

deploy:

copy-generated-lib:

init:

init-plugin:

deps-jar:

compile:
     [echo] Compiling plugin: index-more
    [javac] /home/jaan/nutchwax-git/src/plugin/build-plugin.xml:111: warning: 'includeantruntime' was not set, defaulting to build.sysclasspath=last; set to false for repeatable builds

jar:

deps-test:

deploy:

copy-generated-lib:

init:

init-plugin:

deps-jar:

compile:
     [echo] Compiling plugin: field-basic
    [javac] /home/jaan/nutchwax-git/src/plugin/build-plugin.xml:111: warning: 'includeantruntime' was not set, defaulting to build.sysclasspath=last; set to false for repeatable builds

jar:

deps-test:

deploy:

copy-generated-lib:

init:

init-plugin:

deps-jar:

compile:
     [echo] Compiling plugin: field-boost
    [javac] /home/jaan/nutchwax-git/src/plugin/build-plugin.xml:111: warning: 'includeantruntime' was not set, defaulting to build.sysclasspath=last; set to false for repeatable builds

jar:

deps-test:

deploy:

copy-generated-lib:

init:

init-plugin:
     [echo] Copying language profiles
     [echo] Copying test files

deps-jar:

compile:
     [echo] Compiling plugin: language-identifier
    [javac] /home/jaan/nutchwax-git/src/plugin/build-plugin.xml:111: warning: 'includeantruntime' was not set, defaulting to build.sysclasspath=last; set to false for repeatable builds

jar:

deps-test:

init:

init-plugin:

compile:

jar:

deps-test:

deploy:

copy-generated-lib:

init:

init-plugin:

deps-jar:

init:

init-plugin:

compile:

jar:

compile:
     [echo] Compiling plugin: parse-html
    [javac] /home/jaan/nutchwax-git/src/plugin/build-plugin.xml:111: warning: 'includeantruntime' was not set, defaulting to build.sysclasspath=last; set to false for repeatable builds

jar:

deps-test:

init:

init-plugin:

compile:

jar:

deps-test:

deploy:

copy-generated-lib:

init:

init-plugin:

compile:

jar:

deps-test:

deploy:

copy-generated-lib:

deploy:

copy-generated-lib:

deploy:

copy-generated-lib:

init:

init-plugin:

deps-jar:

compile:
     [echo] Compiling plugin: lib-http
    [javac] /home/jaan/nutchwax-git/src/plugin/build-plugin.xml:111: warning: 'includeantruntime' was not set, defaulting to build.sysclasspath=last; set to false for repeatable builds

jar:

deps-test:

deploy:

copy-generated-lib:

init:

init-plugin:

compile:

jar:

deps-test:

deploy:

copy-generated-lib:

init:

init-plugin:

compile:

jar:

deps-test:

deploy:

copy-generated-lib:

init:

init-plugin:

compile:

jar:

deps-test:

deploy:

copy-generated-lib:

init:

init-plugin:

deps-jar:

init:

init-plugin:

compile:

jar:

compile:
     [echo] Compiling plugin: lib-parsems
    [javac] /home/jaan/nutchwax-git/src/plugin/build-plugin.xml:111: warning: 'includeantruntime' was not set, defaulting to build.sysclasspath=last; set to false for repeatable builds

jar:

deps-test:

init:

init-plugin:

compile:

jar:

deps-test:

deploy:

copy-generated-lib:

init:

init-plugin:

compile:

jar:

deps-test:

deploy:

copy-generated-lib:

deploy:

copy-generated-lib:

init:

init-plugin:

deps-jar:

compile:
     [echo] Compiling plugin: lib-regex-filter
    [javac] /home/jaan/nutchwax-git/src/plugin/build-plugin.xml:111: warning: 'includeantruntime' was not set, defaulting to build.sysclasspath=last; set to false for repeatable builds

jar:

deps-test:

deploy:

copy-generated-lib:

init:

init-plugin:

compile:

jar:

deps-test:

deploy:

copy-generated-lib:

init:

init-plugin:

deps-jar:

compile:
     [echo] Compiling plugin: microformats-reltag
    [javac] /home/jaan/nutchwax-git/src/plugin/build-plugin.xml:111: warning: 'includeantruntime' was not set, defaulting to build.sysclasspath=last; set to false for repeatable builds

jar:

deps-test:

init:

init-plugin:

compile:

jar:

deps-test:

deploy:

copy-generated-lib:

deploy:

copy-generated-lib:

init:

init-plugin:

compile:

jar:

deps-test:

deploy:

copy-generated-lib:

init:

init-plugin:

deps-jar:

compile:
     [echo] Compiling plugin: ontology
    [javac] /home/jaan/nutchwax-git/src/plugin/build-plugin.xml:111: warning: 'includeantruntime' was not set, defaulting to build.sysclasspath=last; set to false for repeatable builds

jar:

deps-test:

init:

init-plugin:

compile:

jar:

deps-test:

deploy:

copy-generated-lib:

deploy:

copy-generated-lib:

init:

init-plugin:

deps-jar:

compile:
     [echo] Compiling plugin: protocol-file
    [javac] /home/jaan/nutchwax-git/src/plugin/build-plugin.xml:111: warning: 'includeantruntime' was not set, defaulting to build.sysclasspath=last; set to false for repeatable builds

jar:

deps-test:

deploy:

copy-generated-lib:

init:

init-plugin:

deps-jar:

compile:
     [echo] Compiling plugin: protocol-ftp
    [javac] /home/jaan/nutchwax-git/src/plugin/build-plugin.xml:111: warning: 'includeantruntime' was not set, defaulting to build.sysclasspath=last; set to false for repeatable builds

jar:

deps-test:

deploy:

copy-generated-lib:

init:

init-plugin:

deps-jar:

init:

init-plugin:

deps-jar:

compile:
     [echo] Compiling plugin: lib-http
    [javac] /home/jaan/nutchwax-git/src/plugin/build-plugin.xml:111: warning: 'includeantruntime' was not set, defaulting to build.sysclasspath=last; set to false for repeatable builds

jar:

compile:
     [echo] Compiling plugin: protocol-http
    [javac] /home/jaan/nutchwax-git/src/plugin/build-plugin.xml:111: warning: 'includeantruntime' was not set, defaulting to build.sysclasspath=last; set to false for repeatable builds

jar:

deps-test:

init:

init-plugin:

deps-jar:

compile:
     [echo] Compiling plugin: lib-http
    [javac] /home/jaan/nutchwax-git/src/plugin/build-plugin.xml:111: warning: 'includeantruntime' was not set, defaulting to build.sysclasspath=last; set to false for repeatable builds

jar:

deps-test:

deploy:

copy-generated-lib:

init:

init-plugin:

compile:

jar:

deps-test:

deploy:

copy-generated-lib:

deploy:

copy-generated-lib:

init:

init-plugin:

deps-jar:

init:

init-plugin:

deps-jar:

compile:
     [echo] Compiling plugin: lib-http
    [javac] /home/jaan/nutchwax-git/src/plugin/build-plugin.xml:111: warning: 'includeantruntime' was not set, defaulting to build.sysclasspath=last; set to false for repeatable builds

jar:

compile:
     [echo] Compiling plugin: protocol-httpclient
    [javac] /home/jaan/nutchwax-git/src/plugin/build-plugin.xml:111: warning: 'includeantruntime' was not set, defaulting to build.sysclasspath=last; set to false for repeatable builds

jar:

deps-test:

deploy:

copy-generated-lib:

init:

init-plugin:

deps-jar:

compile:
     [echo] Compiling plugin: parse-ext
    [javac] /home/jaan/nutchwax-git/src/plugin/build-plugin.xml:111: warning: 'includeantruntime' was not set, defaulting to build.sysclasspath=last; set to false for repeatable builds

jar:

deps-test:

init:

init-plugin:

compile:

jar:

deps-test:

deploy:

copy-generated-lib:

init:

init-plugin:

deps-jar:

compile:
     [echo] Compiling plugin: protocol-file
    [javac] /home/jaan/nutchwax-git/src/plugin/build-plugin.xml:111: warning: 'includeantruntime' was not set, defaulting to build.sysclasspath=last; set to false for repeatable builds

jar:

deps-test:

deploy:

copy-generated-lib:

deploy:

copy-generated-lib:

init:

init-plugin:

deps-jar:

init:

init-plugin:

compile:

jar:

compile:
     [echo] Compiling plugin: parse-html
    [javac] /home/jaan/nutchwax-git/src/plugin/build-plugin.xml:111: warning: 'includeantruntime' was not set, defaulting to build.sysclasspath=last; set to false for repeatable builds

jar:

deps-test:

init:

init-plugin:

compile:

jar:

deps-test:

deploy:

copy-generated-lib:

init:

init-plugin:

compile:

jar:

deps-test:

deploy:

copy-generated-lib:

deploy:

copy-generated-lib:

init:

compile:
     [echo] Compiling plugin: parse-htmlraw
    [javac] /home/jaan/nutchwax-git/src/plugin/parse-htmlraw/build.xml:79: warning: 'includeantruntime' was not set, defaulting to build.sysclasspath=last; set to false for repeatable builds
    [javac] Compiling 1 source file to /home/jaan/nutchwax-git/build/parse-htmlraw/classes
    [javac] warning: [options] bootstrap class path not set in conjunction with -source 1.5
    [javac] warning: [options] source value 1.5 is obsolete and will be removed in a future release
    [javac] warning: [options] target value 1.5 is obsolete and will be removed in a future release
    [javac] warning: [options] To suppress warnings about obsolete options, use -Xlint:-options.
    [javac] 4 warnings

jar:
     [echo] Build classes = /home/jaan/nutchwax-git/build/parse-htmlraw/classes
      [jar] Building jar: /home/jaan/nutchwax-git/build/parse-htmlraw/parse-htmlraw.jar

deploy:

copy-generated-lib:
     [copy] Copying 1 file to /home/jaan/nutchwax-git/build/plugins/parse-htmlraw

init:

init-plugin:

deps-jar:

compile:
     [echo] Compiling plugin: parse-js
    [javac] /home/jaan/nutchwax-git/src/plugin/build-plugin.xml:111: warning: 'includeantruntime' was not set, defaulting to build.sysclasspath=last; set to false for repeatable builds

jar:

deps-test:

deploy:

copy-generated-lib:

init:

init-plugin:

deps-jar:

init:

init-plugin:

compile:

jar:

init:

init-plugin:

deps-jar:

init:

init-plugin:

compile:

jar:

compile:
     [echo] Compiling plugin: lib-parsems
    [javac] /home/jaan/nutchwax-git/src/plugin/build-plugin.xml:111: warning: 'includeantruntime' was not set, defaulting to build.sysclasspath=last; set to false for repeatable builds

jar:

compile:
     [echo] Compiling plugin: parse-msexcel
    [javac] /home/jaan/nutchwax-git/src/plugin/build-plugin.xml:111: warning: 'includeantruntime' was not set, defaulting to build.sysclasspath=last; set to false for repeatable builds

jar:

deps-test:

init:

init-plugin:

compile:

jar:

deps-test:

deploy:

copy-generated-lib:

init:

init-plugin:

deps-jar:

init:

init-plugin:

compile:

jar:

compile:
     [echo] Compiling plugin: lib-parsems
    [javac] /home/jaan/nutchwax-git/src/plugin/build-plugin.xml:111: warning: 'includeantruntime' was not set, defaulting to build.sysclasspath=last; set to false for repeatable builds

jar:

deps-test:

init:

init-plugin:

compile:

jar:

deps-test:

deploy:

copy-generated-lib:

init:

init-plugin:

compile:

jar:

deps-test:

deploy:

copy-generated-lib:

deploy:

copy-generated-lib:

init:

init-plugin:

compile:

jar:

deps-test:

deploy:

copy-generated-lib:

init:

init-plugin:

deps-jar:

compile:
     [echo] Compiling plugin: protocol-file
    [javac] /home/jaan/nutchwax-git/src/plugin/build-plugin.xml:111: warning: 'includeantruntime' was not set, defaulting to build.sysclasspath=last; set to false for repeatable builds

jar:

deps-test:

deploy:

copy-generated-lib:

deploy:

copy-generated-lib:

init:

init-plugin:

deps-jar:

init:

init-plugin:

compile:

jar:

init:

init-plugin:

deps-jar:

init:

init-plugin:

compile:

jar:

compile:
     [echo] Compiling plugin: lib-parsems
    [javac] /home/jaan/nutchwax-git/src/plugin/build-plugin.xml:111: warning: 'includeantruntime' was not set, defaulting to build.sysclasspath=last; set to false for repeatable builds

jar:

compile:
     [echo] Compiling plugin: parse-mspowerpoint
    [javac] /home/jaan/nutchwax-git/src/plugin/build-plugin.xml:111: warning: 'includeantruntime' was not set, defaulting to build.sysclasspath=last; set to false for repeatable builds

jar:

deps-test:

init:

init-plugin:

compile:

jar:

deps-test:

deploy:

copy-generated-lib:

init:

init-plugin:

deps-jar:

init:

init-plugin:

compile:

jar:

compile:
     [echo] Compiling plugin: lib-parsems
    [javac] /home/jaan/nutchwax-git/src/plugin/build-plugin.xml:111: warning: 'includeantruntime' was not set, defaulting to build.sysclasspath=last; set to false for repeatable builds

jar:

deps-test:

init:

init-plugin:

compile:

jar:

deps-test:

deploy:

copy-generated-lib:

init:

init-plugin:

compile:

jar:

deps-test:

deploy:

copy-generated-lib:

deploy:

copy-generated-lib:

init:

init-plugin:

compile:

jar:

deps-test:

deploy:

copy-generated-lib:

init:

init-plugin:

deps-jar:

compile:
     [echo] Compiling plugin: protocol-file
    [javac] /home/jaan/nutchwax-git/src/plugin/build-plugin.xml:111: warning: 'includeantruntime' was not set, defaulting to build.sysclasspath=last; set to false for repeatable builds

jar:

deps-test:

deploy:

copy-generated-lib:

deploy:

copy-generated-lib:

init:

init-plugin:

deps-jar:

init:

init-plugin:

compile:

jar:

init:

init-plugin:

deps-jar:

init:

init-plugin:

compile:

jar:

compile:
     [echo] Compiling plugin: lib-parsems
    [javac] /home/jaan/nutchwax-git/src/plugin/build-plugin.xml:111: warning: 'includeantruntime' was not set, defaulting to build.sysclasspath=last; set to false for repeatable builds

jar:

compile:
     [echo] Compiling plugin: parse-msword
    [javac] /home/jaan/nutchwax-git/src/plugin/build-plugin.xml:111: warning: 'includeantruntime' was not set, defaulting to build.sysclasspath=last; set to false for repeatable builds

jar:

deps-test:

init:

init-plugin:

compile:

jar:

deps-test:

deploy:

copy-generated-lib:

init:

init-plugin:

deps-jar:

init:

init-plugin:

compile:

jar:

compile:
     [echo] Compiling plugin: lib-parsems
    [javac] /home/jaan/nutchwax-git/src/plugin/build-plugin.xml:111: warning: 'includeantruntime' was not set, defaulting to build.sysclasspath=last; set to false for repeatable builds

jar:

deps-test:

init:

init-plugin:

compile:

jar:

deps-test:

deploy:

copy-generated-lib:

init:

init-plugin:

compile:

jar:

deps-test:

deploy:

copy-generated-lib:

deploy:

copy-generated-lib:

init:

init-plugin:

compile:

jar:

deps-test:

deploy:

copy-generated-lib:

init:

init-plugin:

deps-jar:

compile:
     [echo] Compiling plugin: protocol-file
    [javac] /home/jaan/nutchwax-git/src/plugin/build-plugin.xml:111: warning: 'includeantruntime' was not set, defaulting to build.sysclasspath=last; set to false for repeatable builds

jar:

deps-test:

deploy:

copy-generated-lib:

deploy:

copy-generated-lib:

init:

init-plugin:

deps-jar:

init:

init-plugin:

compile:

jar:

compile:
     [echo] Compiling plugin: parse-oo
    [javac] /home/jaan/nutchwax-git/src/plugin/build-plugin.xml:111: warning: 'includeantruntime' was not set, defaulting to build.sysclasspath=last; set to false for repeatable builds

jar:

deps-test:

init:

init-plugin:

compile:

jar:

deps-test:

deploy:

copy-generated-lib:

init:

init-plugin:

compile:

jar:

deps-test:

deploy:

copy-generated-lib:

deploy:

copy-generated-lib:

init:

init-plugin:

deps-jar:

compile:
     [echo] Compiling plugin: parse-pdf
    [javac] /home/jaan/nutchwax-git/src/plugin/build-plugin.xml:111: warning: 'includeantruntime' was not set, defaulting to build.sysclasspath=last; set to false for repeatable builds

jar:

deps-test:

init:

init-plugin:

compile:

jar:

deps-test:

deploy:

copy-generated-lib:

init:

init-plugin:

deps-jar:

compile:
     [echo] Compiling plugin: protocol-file
    [javac] /home/jaan/nutchwax-git/src/plugin/build-plugin.xml:111: warning: 'includeantruntime' was not set, defaulting to build.sysclasspath=last; set to false for repeatable builds

jar:

deps-test:

deploy:

copy-generated-lib:

deploy:

copy-generated-lib:

init:

init-plugin:

deps-jar:

init:

init-plugin:

compile:

jar:

compile:
     [echo] Compiling plugin: parse-rss
    [javac] /home/jaan/nutchwax-git/src/plugin/build-plugin.xml:111: warning: 'includeantruntime' was not set, defaulting to build.sysclasspath=last; set to false for repeatable builds

jar:

deps-test:

init:

init-plugin:

compile:

jar:

deps-test:

deploy:

copy-generated-lib:

init:

init-plugin:

compile:

jar:

deps-test:

deploy:

copy-generated-lib:

init:

init-plugin:

deps-jar:

compile:
     [echo] Compiling plugin: protocol-file
    [javac] /home/jaan/nutchwax-git/src/plugin/build-plugin.xml:111: warning: 'includeantruntime' was not set, defaulting to build.sysclasspath=last; set to false for repeatable builds

jar:

deps-test:

deploy:

copy-generated-lib:

deploy:

copy-generated-lib:

init:

init-plugin:

deps-jar:

compile:
     [echo] Compiling plugin: parse-swf
    [javac] /home/jaan/nutchwax-git/src/plugin/build-plugin.xml:111: warning: 'includeantruntime' was not set, defaulting to build.sysclasspath=last; set to false for repeatable builds

jar:

deps-test:

init:

init-plugin:

compile:

jar:

deps-test:

deploy:

copy-generated-lib:

init:

init-plugin:

deps-jar:

compile:
     [echo] Compiling plugin: protocol-file
    [javac] /home/jaan/nutchwax-git/src/plugin/build-plugin.xml:111: warning: 'includeantruntime' was not set, defaulting to build.sysclasspath=last; set to false for repeatable builds

jar:

deps-test:

deploy:

copy-generated-lib:

deploy:

copy-generated-lib:

init:

init-plugin:

deps-jar:

compile:
     [echo] Compiling plugin: parse-text
    [javac] /home/jaan/nutchwax-git/src/plugin/build-plugin.xml:111: warning: 'includeantruntime' was not set, defaulting to build.sysclasspath=last; set to false for repeatable builds

jar:

deps-test:

deploy:

copy-generated-lib:

init:

init-plugin:

deps-jar:

compile:
     [echo] Compiling plugin: parse-zip
    [javac] /home/jaan/nutchwax-git/src/plugin/build-plugin.xml:111: warning: 'includeantruntime' was not set, defaulting to build.sysclasspath=last; set to false for repeatable builds

jar:

deps-test:

init:

init-plugin:

compile:

jar:

deps-test:

deploy:

copy-generated-lib:

init:

init-plugin:

deps-jar:

compile:
     [echo] Compiling plugin: protocol-file
    [javac] /home/jaan/nutchwax-git/src/plugin/build-plugin.xml:111: warning: 'includeantruntime' was not set, defaulting to build.sysclasspath=last; set to false for repeatable builds

jar:

deps-test:

deploy:

copy-generated-lib:

init:

init-plugin:

deps-jar:

compile:
     [echo] Compiling plugin: parse-text
    [javac] /home/jaan/nutchwax-git/src/plugin/build-plugin.xml:111: warning: 'includeantruntime' was not set, defaulting to build.sysclasspath=last; set to false for repeatable builds

jar:

deps-test:

deploy:

copy-generated-lib:

deploy:

copy-generated-lib:

init:

init-plugin:

deps-jar:

compile:
     [echo] Compiling plugin: query-basic
    [javac] /home/jaan/nutchwax-git/src/plugin/build-plugin.xml:111: warning: 'includeantruntime' was not set, defaulting to build.sysclasspath=last; set to false for repeatable builds

jar:

deps-test:

deploy:

copy-generated-lib:

init:

init-plugin:

deps-jar:

compile:
     [echo] Compiling plugin: query-more
    [javac] /home/jaan/nutchwax-git/src/plugin/build-plugin.xml:111: warning: 'includeantruntime' was not set, defaulting to build.sysclasspath=last; set to false for repeatable builds

jar:

deps-test:

deploy:

copy-generated-lib:

init:

init-plugin:

deps-jar:

compile:
     [echo] Compiling plugin: query-site
    [javac] /home/jaan/nutchwax-git/src/plugin/build-plugin.xml:111: warning: 'includeantruntime' was not set, defaulting to build.sysclasspath=last; set to false for repeatable builds

jar:

deps-test:

deploy:

copy-generated-lib:

init:

init-plugin:

deps-jar:

compile:
     [echo] Compiling plugin: query-custom
    [javac] /home/jaan/nutchwax-git/src/plugin/build-plugin.xml:111: warning: 'includeantruntime' was not set, defaulting to build.sysclasspath=last; set to false for repeatable builds

jar:

deps-test:

deploy:

copy-generated-lib:

init:

init-plugin:

deps-jar:

compile:
     [echo] Compiling plugin: query-url
    [javac] /home/jaan/nutchwax-git/src/plugin/build-plugin.xml:111: warning: 'includeantruntime' was not set, defaulting to build.sysclasspath=last; set to false for repeatable builds

jar:

deps-test:

deploy:

copy-generated-lib:

init:

init-plugin:

deps-jar:

compile:
     [echo] Compiling plugin: response-json
    [javac] /home/jaan/nutchwax-git/src/plugin/build-plugin.xml:111: warning: 'includeantruntime' was not set, defaulting to build.sysclasspath=last; set to false for repeatable builds

jar:

deps-test:

deploy:

copy-generated-lib:

init:

init-plugin:

deps-jar:

compile:
     [echo] Compiling plugin: response-xml
    [javac] /home/jaan/nutchwax-git/src/plugin/build-plugin.xml:111: warning: 'includeantruntime' was not set, defaulting to build.sysclasspath=last; set to false for repeatable builds

jar:

deps-test:

deploy:

copy-generated-lib:

init:

init-plugin:

deps-jar:

compile:
     [echo] Compiling plugin: scoring-opic
    [javac] /home/jaan/nutchwax-git/src/plugin/build-plugin.xml:111: warning: 'includeantruntime' was not set, defaulting to build.sysclasspath=last; set to false for repeatable builds

jar:

deps-test:

init:

init-plugin:

compile:

jar:

deps-test:

deploy:

copy-generated-lib:

deploy:

copy-generated-lib:

init:

init-plugin:

deps-jar:

compile:
     [echo] Compiling plugin: scoring-link
    [javac] /home/jaan/nutchwax-git/src/plugin/build-plugin.xml:111: warning: 'includeantruntime' was not set, defaulting to build.sysclasspath=last; set to false for repeatable builds

jar:

deps-test:

init:

init-plugin:

compile:

jar:

deps-test:

deploy:

copy-generated-lib:

deploy:

copy-generated-lib:

init:

init-plugin:

deps-jar:

compile:
     [echo] Compiling plugin: summary-basic
    [javac] /home/jaan/nutchwax-git/src/plugin/build-plugin.xml:111: warning: 'includeantruntime' was not set, defaulting to build.sysclasspath=last; set to false for repeatable builds

jar:

deps-test:

deploy:

copy-generated-lib:

init:

init-plugin:

deps-jar:

compile:
     [echo] Compiling plugin: subcollection
    [javac] /home/jaan/nutchwax-git/src/plugin/build-plugin.xml:111: warning: 'includeantruntime' was not set, defaulting to build.sysclasspath=last; set to false for repeatable builds

jar:

deps-test:

deploy:

copy-generated-lib:

init:

init-plugin:

deps-jar:

compile:
     [echo] Compiling plugin: summary-lucene
    [javac] /home/jaan/nutchwax-git/src/plugin/build-plugin.xml:111: warning: 'includeantruntime' was not set, defaulting to build.sysclasspath=last; set to false for repeatable builds

jar:

deps-test:

deploy:

copy-generated-lib:

init:

init-plugin:

deps-jar:

compile:
     [echo] Compiling plugin: tld
    [javac] /home/jaan/nutchwax-git/src/plugin/build-plugin.xml:111: warning: 'includeantruntime' was not set, defaulting to build.sysclasspath=last; set to false for repeatable builds

jar:

deps-test:

deploy:

copy-generated-lib:

init:

init-plugin:

deps-jar:

init:

init-plugin:

deps-jar:

compile:
     [echo] Compiling plugin: lib-regex-filter
    [javac] /home/jaan/nutchwax-git/src/plugin/build-plugin.xml:111: warning: 'includeantruntime' was not set, defaulting to build.sysclasspath=last; set to false for repeatable builds

jar:

init:

init-plugin:

deps-jar:

compile:
     [echo] Compiling plugin: lib-regex-filter
    [javac] /home/jaan/nutchwax-git/src/plugin/build-plugin.xml:111: warning: 'includeantruntime' was not set, defaulting to build.sysclasspath=last; set to false for repeatable builds

compile-test:
    [javac] /home/jaan/nutchwax-git/src/plugin/build-plugin.xml:174: warning: 'includeantruntime' was not set, defaulting to build.sysclasspath=last; set to false for repeatable builds

compile:
     [echo] Compiling plugin: urlfilter-automaton
    [javac] /home/jaan/nutchwax-git/src/plugin/build-plugin.xml:111: warning: 'includeantruntime' was not set, defaulting to build.sysclasspath=last; set to false for repeatable builds

jar:

deps-test:

init:

init-plugin:

deps-jar:

compile:
     [echo] Compiling plugin: lib-regex-filter
    [javac] /home/jaan/nutchwax-git/src/plugin/build-plugin.xml:111: warning: 'includeantruntime' was not set, defaulting to build.sysclasspath=last; set to false for repeatable builds

jar:

deps-test:

deploy:

copy-generated-lib:

deploy:

copy-generated-lib:

init:

init-plugin:

deps-jar:

compile:
     [echo] Compiling plugin: urlfilter-domain
    [javac] /home/jaan/nutchwax-git/src/plugin/build-plugin.xml:111: warning: 'includeantruntime' was not set, defaulting to build.sysclasspath=last; set to false for repeatable builds

jar:

deps-test:

deploy:

copy-generated-lib:

init:

init-plugin:

deps-jar:

compile:
     [echo] Compiling plugin: urlfilter-prefix
    [javac] /home/jaan/nutchwax-git/src/plugin/build-plugin.xml:111: warning: 'includeantruntime' was not set, defaulting to build.sysclasspath=last; set to false for repeatable builds

jar:

deps-test:

deploy:

copy-generated-lib:

init:

init-plugin:

deps-jar:

init:

init-plugin:

deps-jar:

compile:
     [echo] Compiling plugin: lib-regex-filter
    [javac] /home/jaan/nutchwax-git/src/plugin/build-plugin.xml:111: warning: 'includeantruntime' was not set, defaulting to build.sysclasspath=last; set to false for repeatable builds

jar:

init:

init-plugin:

deps-jar:

compile:
     [echo] Compiling plugin: lib-regex-filter
    [javac] /home/jaan/nutchwax-git/src/plugin/build-plugin.xml:111: warning: 'includeantruntime' was not set, defaulting to build.sysclasspath=last; set to false for repeatable builds

compile-test:
    [javac] /home/jaan/nutchwax-git/src/plugin/build-plugin.xml:174: warning: 'includeantruntime' was not set, defaulting to build.sysclasspath=last; set to false for repeatable builds

compile:
     [echo] Compiling plugin: urlfilter-regex
    [javac] /home/jaan/nutchwax-git/src/plugin/build-plugin.xml:111: warning: 'includeantruntime' was not set, defaulting to build.sysclasspath=last; set to false for repeatable builds

jar:

deps-test:

init:

init-plugin:

deps-jar:

compile:
     [echo] Compiling plugin: lib-regex-filter
    [javac] /home/jaan/nutchwax-git/src/plugin/build-plugin.xml:111: warning: 'includeantruntime' was not set, defaulting to build.sysclasspath=last; set to false for repeatable builds

jar:

deps-test:

deploy:

copy-generated-lib:

deploy:

copy-generated-lib:

init:

init-plugin:

deps-jar:

compile:
     [echo] Compiling plugin: urlfilter-suffix
    [javac] /home/jaan/nutchwax-git/src/plugin/build-plugin.xml:111: warning: 'includeantruntime' was not set, defaulting to build.sysclasspath=last; set to false for repeatable builds

jar:

deps-test:

deploy:

copy-generated-lib:

init:

init-plugin:

deps-jar:

compile:
     [echo] Compiling plugin: urlfilter-validator
    [javac] /home/jaan/nutchwax-git/src/plugin/build-plugin.xml:111: warning: 'includeantruntime' was not set, defaulting to build.sysclasspath=last; set to false for repeatable builds

jar:

deps-test:

deploy:

copy-generated-lib:

init:

init-plugin:

deps-jar:

compile:
     [echo] Compiling plugin: urlnormalizer-basic
    [javac] /home/jaan/nutchwax-git/src/plugin/build-plugin.xml:111: warning: 'includeantruntime' was not set, defaulting to build.sysclasspath=last; set to false for repeatable builds

jar:

deps-test:

deploy:

copy-generated-lib:

init:

init-plugin:

deps-jar:

compile:
     [echo] Compiling plugin: urlnormalizer-pass
    [javac] /home/jaan/nutchwax-git/src/plugin/build-plugin.xml:111: warning: 'includeantruntime' was not set, defaulting to build.sysclasspath=last; set to false for repeatable builds

jar:

deps-test:

deploy:

copy-generated-lib:

init:

init-plugin:

deps-jar:

compile:
     [echo] Compiling plugin: urlnormalizer-regex
    [javac] /home/jaan/nutchwax-git/src/plugin/build-plugin.xml:111: warning: 'includeantruntime' was not set, defaulting to build.sysclasspath=last; set to false for repeatable builds

jar:

deps-test:

init:

init-plugin:

compile:

jar:

deps-test:

deploy:

copy-generated-lib:

deploy:

copy-generated-lib:

init:

init-plugin:

deps-jar:

compile:
     [echo] Compiling plugin: index-nutchwax
    [javac] /home/jaan/nutchwax-git/src/plugin/build-plugin.xml:111: warning: 'includeantruntime' was not set, defaulting to build.sysclasspath=last; set to false for repeatable builds

jar:

deps-test:

deploy:

copy-generated-lib:

init:

init-plugin:

deps-jar:

compile:
     [echo] Compiling plugin: query-nutchwax
    [javac] /home/jaan/nutchwax-git/src/plugin/build-plugin.xml:111: warning: 'includeantruntime' was not set, defaulting to build.sysclasspath=last; set to false for repeatable builds

jar:

deps-test:

deploy:

copy-generated-lib:

init:

init-plugin:

deps-jar:

compile:
     [echo] Compiling plugin: scoring-nutchwax
    [javac] /home/jaan/nutchwax-git/src/plugin/build-plugin.xml:111: warning: 'includeantruntime' was not set, defaulting to build.sysclasspath=last; set to false for repeatable builds

jar:

deps-test:

deploy:

copy-generated-lib:

init:

init-plugin:

deps-jar:

compile:
     [echo] Compiling plugin: urlfilter-nutchwax
    [javac] /home/jaan/nutchwax-git/src/plugin/build-plugin.xml:111: warning: 'includeantruntime' was not set, defaulting to build.sysclasspath=last; set to false for repeatable builds

jar:

deps-test:

deploy:

copy-generated-lib:

compile:

job:
      [jar] Building jar: /home/jaan/nutchwax-git/build/nutch-1.0.job

BUILD SUCCESSFUL
Total time: 5 seconds
Copying done!
