2015-06-26 10:09:33,765 INFO  plugin.PluginRepository - Plugins: looking in: /home/jaan/nutchwax-git/grader/plugins
2015-06-26 10:09:33,965 INFO  plugin.PluginRepository - Plugin Auto-activation mode: [true]
2015-06-26 10:09:33,965 INFO  plugin.PluginRepository - Registered Plugins:
2015-06-26 10:09:33,965 INFO  plugin.PluginRepository - 	the nutch core extension points (nutch-extensionpoints)
2015-06-26 10:09:33,965 INFO  plugin.PluginRepository - 	Basic Query Filter (query-basic)
2015-06-26 10:09:33,965 INFO  plugin.PluginRepository - 	NutchWAX Indexing Filter (index-nutchwax)
2015-06-26 10:09:33,965 INFO  plugin.PluginRepository - 	Html Parse Plug-in (parse-html)
2015-06-26 10:09:33,965 INFO  plugin.PluginRepository - 	Basic Summarizer Plug-in (summary-basic)
2015-06-26 10:09:33,965 INFO  plugin.PluginRepository - 	Pdf Parse Plug-in (parse-pdf)
2015-06-26 10:09:33,965 INFO  plugin.PluginRepository - 	HTML Raw Parse (parse-htmlraw)
2015-06-26 10:09:33,965 INFO  plugin.PluginRepository - 	HTTP Framework (lib-http)
2015-06-26 10:09:33,965 INFO  plugin.PluginRepository - 	Text Parse Plug-in (parse-text)
2015-06-26 10:09:33,965 INFO  plugin.PluginRepository - 	NutchWAX Scoring Filter (scoring-nutchwax)
2015-06-26 10:09:33,966 INFO  plugin.PluginRepository - 	Http Protocol Plug-in (protocol-http)
2015-06-26 10:09:33,966 INFO  plugin.PluginRepository - 	CyberNeko HTML Parser (lib-nekohtml)
2015-06-26 10:09:33,966 INFO  plugin.PluginRepository - 	NutchWAX URL Filter (urlfilter-nutchwax)
2015-06-26 10:09:33,966 INFO  plugin.PluginRepository - 	JavaScript Parser (parse-js)
2015-06-26 10:09:33,966 INFO  plugin.PluginRepository - 	NutchWAX Query Filter (query-nutchwax)
2015-06-26 10:09:33,966 INFO  plugin.PluginRepository - Registered Extension-Points:
2015-06-26 10:09:33,966 INFO  plugin.PluginRepository - 	Nutch Summarizer (org.apache.nutch.searcher.Summarizer)
2015-06-26 10:09:33,966 INFO  plugin.PluginRepository - 	Nutch Protocol (org.apache.nutch.protocol.Protocol)
2015-06-26 10:09:33,966 INFO  plugin.PluginRepository - 	Nutch Analysis (org.apache.nutch.analysis.NutchAnalyzer)
2015-06-26 10:09:33,966 INFO  plugin.PluginRepository - 	Nutch Field Filter (org.apache.nutch.indexer.field.FieldFilter)
2015-06-26 10:09:33,966 INFO  plugin.PluginRepository - 	HTML Parse Filter (org.apache.nutch.parse.HtmlParseFilter)
2015-06-26 10:09:33,966 INFO  plugin.PluginRepository - 	Nutch Query Filter (org.apache.nutch.searcher.QueryFilter)
2015-06-26 10:09:33,966 INFO  plugin.PluginRepository - 	Nutch Search Results Response Writer (org.apache.nutch.searcher.response.ResponseWriter)
2015-06-26 10:09:33,966 INFO  plugin.PluginRepository - 	Nutch URL Normalizer (org.apache.nutch.net.URLNormalizer)
2015-06-26 10:09:33,966 INFO  plugin.PluginRepository - 	Nutch URL Filter (org.apache.nutch.net.URLFilter)
2015-06-26 10:09:33,966 INFO  plugin.PluginRepository - 	Nutch Online Search Results Clustering Plugin (org.apache.nutch.clustering.OnlineClusterer)
2015-06-26 10:09:33,966 INFO  plugin.PluginRepository - 	Nutch Indexing Filter (org.apache.nutch.indexer.IndexingFilter)
2015-06-26 10:09:33,966 INFO  plugin.PluginRepository - 	Nutch Content Parser (org.apache.nutch.parse.Parser)
2015-06-26 10:09:33,966 INFO  plugin.PluginRepository - 	Nutch Scoring (org.apache.nutch.scoring.ScoringFilter)
2015-06-26 10:09:33,966 INFO  plugin.PluginRepository - 	Ontology Model Loader (org.apache.nutch.ontology.Ontology)
2015-06-26 10:09:33,976 WARN  urlfilter.WaybackURLFilter - No exclusions file set for property: "nutchwax.urlfilter.wayback.exclusions"
2015-06-26 10:09:33,997 INFO  nutchwax.Importer - Importing ARC: /warcs/a.warc
2015-06-26 10:09:34,053 INFO  nutchwax.Importer - Consider URL: http://www.sonda.ee/index.php/component/jevents/day.listevents/2015/02/04/-?Itemid=1 (text/html; charset=utf-8) [34487]
2015-06-26 10:09:34,065 INFO  nutchwax.Importer - Bytes read: expected=34162 bytes.length=34162 pos=34162 count=0
2015-06-26 10:09:34,092 INFO  urlfilter.WaybackURLFilter - Allowing : http://www.sonda.ee/index.php/component/jevents/day.listevents/2015/02/04/-?Itemid=1 sha1:4CLOLVPBB7DNNMDKPCS5ZC6P6HCPXP5F 20150131225001
2015-06-26 10:09:34,306 INFO  htmlraw.HtmlRawParser - CharEncodingForConversion=utf-8 OriginalCharEncoding=utf-8 
2015-06-26 10:09:39,916 INFO  crawl.SignatureFactory - Using Signature impl: org.apache.nutch.crawl.MD5Signature
2015-06-26 10:09:39,922 INFO  nutchwax.Importer - Consider URL: http://www.viimsivald.ee/kaks-kolmandikku-eesti-elanikest-eelistab-rahvaloendusel-osaleda-interneti-teel/?lang=ee (text/html) [342]
2015-06-26 10:09:39,922 INFO  nutchwax.Importer - Skip     URL: http://www.viimsivald.ee/kaks-kolmandikku-eesti-elanikest-eelistab-rahvaloendusel-osaleda-interneti-teel/?lang=ee HTTP status:301
2015-06-26 10:09:39,924 INFO  nutchwax.Importer - Consider URL: http://www.varbla.ee/client/text/text/text/css (text/html; charset=utf-8) [37555]
2015-06-26 10:09:39,926 INFO  nutchwax.Importer - Bytes read: expected=37288 bytes.length=37288 pos=37288 count=0
2015-06-26 10:09:39,927 INFO  urlfilter.WaybackURLFilter - Allowing : http://www.varbla.ee/client/text/text/text/css sha1:VJ36D5IBCHH4P2FSKK6BCGVPQCXXYQ63 20150131225001
2015-06-26 10:09:40,068 INFO  htmlraw.HtmlRawParser - CharEncodingForConversion=windows-1257 OriginalCharEncoding=windows-1257 
