#
# There is insufficient memory for the Java Runtime Environment to continue.
# Native memory allocation (mmap) failed to map 67641344 bytes for committing reserved memory.
# Possible reasons:
#   The system is out of physical RAM or swap space
#   In 32 bit mode, the process size limit was hit
# Possible solutions:
#   Reduce memory load on the system
#   Increase physical memory or swap space
#   Check if swap backing store is full
#   Use 64 bit Java on a 64 bit OS
#   Decrease Java heap size (-Xmx/-Xms)
#   Decrease number of Java threads
#   Decrease Java thread stack sizes (-Xss)
#   Set larger code cache with -XX:ReservedCodeCacheSize=
# This output file may be truncated or incomplete.
#
#  Out of Memory Error (os_linux.cpp:2673), pid=6682, tid=1740991296
#
# JRE version: OpenJDK Runtime Environment (8.0_45-b14) (build 1.8.0_45-internal-b14)
# Java VM: OpenJDK Server VM (25.45-b02 mixed mode linux-x86 )
# Failed to write core dump. Core dumps have been disabled. To enable core dumping, try "ulimit -c unlimited" before starting Java again
#

---------------  T H R E A D  ---------------

Current thread (0xb625e400):  VMThread [stack: 0x67bd6000,0x67c57000] [id=6699]

Stack: [0x67bd6000,0x67c57000],  sp=0x67c55b10,  free space=510k
Native frames: (J=compiled Java code, j=interpreted, Vv=VM code, C=native code)
V  [libjvm.so+0x8f3e30]  VMError::report_and_die()+0x180
V  [libjvm.so+0x3be946]  report_vm_out_of_memory(char const*, int, unsigned int, VMErrorType, char const*)+0x76
V  [libjvm.so+0x761070]  os::pd_commit_memory(char*, unsigned int, unsigned int, bool)+0xf0
V  [libjvm.so+0x75b2f3]  os::commit_memory(char*, unsigned int, unsigned int, bool)+0x33
V  [libjvm.so+0x8f0b17]  VirtualSpace::expand_by(unsigned int, bool)+0x197
V  [libjvm.so+0x4ba413]  CardGeneration::expand(unsigned int, unsigned int) [clone .part.1]+0x63
V  [libjvm.so+0x4ba694]  OneContigSpaceCardGeneration::expand(unsigned int, unsigned int)+0x74
V  [libjvm.so+0x4ba32f]  CardGeneration::compute_new_size()+0x2cf
V  [libjvm.so+0x4a7540]  GenCollectedHeap::do_collection(bool, bool, unsigned int, bool, int)+0x7f0
V  [libjvm.so+0x34e7a1]  GenCollectorPolicy::satisfy_failed_allocation(unsigned int, bool)+0xa1
V  [libjvm.so+0x8f4d84]  VM_GenCollectForAllocation::doit()+0x84
V  [libjvm.so+0x8fa906]  VM_Operation::evaluate()+0x46
V  [libjvm.so+0x8f8d11]  VMThread::evaluate_operation(VM_Operation*)+0x321
V  [libjvm.so+0x8f9233]  VMThread::loop()+0x223
V  [libjvm.so+0x8f977b]  VMThread::run()+0x8b
V  [libjvm.so+0x75e2a5]  java_start(Thread*)+0x105
C  [libpthread.so.0+0x61aa]  start_thread+0xda

VM_Operation (0x6736fdbc): GenCollectForAllocation, mode: safepoint, requested by thread 0x67193c00


---------------  P R O C E S S  ---------------

Java Threads: ( => current thread )
  0x6719c800 JavaThread "Comm thread for attempt_local_0001_m_000000_0" daemon [_thread_blocked, id=6735, stack(0x66a80000,0x66ad1000)]
  0x67193c00 JavaThread "Thread-11" [_thread_blocked, id=6732, stack(0x67320000,0x67371000)]
  0x67142000 JavaThread "process reaper" daemon [_thread_blocked, id=6710, stack(0x67371000,0x6738a000)]
  0xb6283c00 JavaThread "Service Thread" daemon [_thread_blocked, id=6705, stack(0x6765c000,0x676ad000)]
  0xb6280800 JavaThread "C1 CompilerThread1" daemon [_thread_blocked, id=6704, stack(0x676ad000,0x6772e000)]
  0xb627f000 JavaThread "C2 CompilerThread0" daemon [_thread_in_native, id=6703, stack(0x6772e000,0x677af000)]
  0xb627d800 JavaThread "Signal Dispatcher" daemon [_thread_blocked, id=6702, stack(0x677af000,0x67800000)]
  0xb6262c00 JavaThread "Finalizer" daemon [_thread_blocked, id=6701, stack(0x67b34000,0x67b85000)]
  0xb6261400 JavaThread "Reference Handler" daemon [_thread_blocked, id=6700, stack(0x67b85000,0x67bd6000)]
  0xb6208400 JavaThread "main" [_thread_blocked, id=6698, stack(0xb63f2000,0xb6443000)]

Other Threads:
=>0xb625e400 VMThread [stack: 0x67bd6000,0x67c57000] [id=6699]
  0xb6285c00 WatcherThread [stack: 0x675db000,0x6765c000] [id=6706]

VM state:at safepoint (normal execution)

VM Mutex/Monitor currently owned by a thread:  ([mutex/lock_event])
[0xb6205e38] Threads_lock - owner thread: 0xb625e400
[0xb6206248] Heap_lock - owner thread: 0x67193c00

Heap:
 def new generation   total 2560K, used 0K [0x68600000, 0x688c0000, 0x7d350000)
  eden space 2304K,   0% used [0x68600000, 0x68600000, 0x68840000)
  from space 256K,   0% used [0x68880000, 0x68880000, 0x688c0000)
  to   space 256K,   0% used [0x68840000, 0x68840000, 0x68880000)
 tenured generation   total 102788K, used 101305K [0x7d350000, 0x837b1000, 0xa6e00000)
   the space 102788K,  98% used [0x7d350000, 0x8363e788, 0x8363e800, 0x837b1000)
 Metaspace       used 6291K, capacity 6473K, committed 6552K, reserved 7472K

Card table byte_map: [0x6840b000,0x68600000] byte_map_base: 0x680c8000

Polling page: 0xb772c000

CodeCache: size=245760Kb used=2937Kb max_used=2937Kb free=242822Kb
 bounds [0xa7200000, 0xa74e0000, 0xb6200000]
 total_blobs=1203 nmethods=1014 adapters=105
 compilation: enabled

Compilation events (10 events):
Event: 3.994 Thread 0xb6280800 1014   !   3       java.net.URLClassLoader::definePackageInternal (81 bytes)
Event: 3.995 Thread 0xb6280800 nmethod 1014 0xa74d82c8 code [0xa74d84c0, 0xa74d8d90]
Event: 3.995 Thread 0xb6280800 1015   !   3       sun.misc.Resource::getBytes (242 bytes)
Event: 3.996 Thread 0xb6280800 nmethod 1015 0xa74dcc08 code [0xa74dcf40, 0xa74de384]
Event: 3.997 Thread 0xb6280800 1016       3       java.security.CodeSource::<init> (40 bytes)
Event: 3.997 Thread 0xb6280800 nmethod 1016 0xa74cef88 code [0xa74cf0c0, 0xa74cf3cc]
Event: 3.998 Thread 0xb6280800 1017   !   3       java.security.SecureClassLoader::getProtectionDomain (114 bytes)
Event: 3.998 Thread 0xb6280800 nmethod 1017 0xa74d7348 code [0xa74d7500, 0xa74d7d74]
Event: 3.998 Thread 0xb6280800 1018       3       java.lang.ClassLoader::defineClass (43 bytes)
Event: 4.028 Thread 0xb6280800 nmethod 1018 0xa74d6388 code [0xa74d6520, 0xa74d6e54]

GC Heap History (10 events):
Event: 3.456 GC heap after
Heap after GC invocations=10 (full 0):
 def new generation   total 2432K, used 226K [0x68600000, 0x688a0000, 0x7d350000)
  eden space 2176K,   0% used [0x68600000, 0x68600000, 0x68820000)
  from space 256K,  88% used [0x68820000, 0x688589c8, 0x68860000)
  to   space 256K,   0% used [0x68860000, 0x68860000, 0x688a0000)
 tenured generation   total 5504K, used 2451K [0x7d350000, 0x7d8b0000, 0xa6e00000)
   the space 5504K,  44% used [0x7d350000, 0x7d5b4e38, 0x7d5b5000, 0x7d8b0000)
 Metaspace       used 5399K, capacity 5577K, committed 5656K, reserved 6448K
}
Event: 3.627 GC heap before
{Heap before GC invocations=10 (full 0):
 def new generation   total 2432K, used 2354K [0x68600000, 0x688a0000, 0x7d350000)
  eden space 2176K,  97% used [0x68600000, 0x688141c0, 0x68820000)
  from space 256K,  88% used [0x68820000, 0x688589c8, 0x68860000)
  to   space 256K,   0% used [0x68860000, 0x68860000, 0x688a0000)
 tenured generation   total 5504K, used 2451K [0x7d350000, 0x7d8b0000, 0xa6e00000)
   the space 5504K,  44% used [0x7d350000, 0x7d5b4e38, 0x7d5b5000, 0x7d8b0000)
 Metaspace       used 5874K, capacity 6025K, committed 6040K, reserved 6448K
Event: 3.630 GC heap after
Heap after GC invocations=11 (full 0):
 def new generation   total 2432K, used 256K [0x68600000, 0x688a0000, 0x7d350000)
  eden space 2176K,   0% used [0x68600000, 0x68600000, 0x68820000)
  from space 256K, 100% used [0x68860000, 0x688a0000, 0x688a0000)
  to   space 256K,   0% used [0x68820000, 0x68820000, 0x68860000)
 tenured generation   total 5504K, used 2620K [0x7d350000, 0x7d8b0000, 0xa6e00000)
   the space 5504K,  47% used [0x7d350000, 0x7d5df1f8, 0x7d5df200, 0x7d8b0000)
 Metaspace       used 5874K, capacity 6025K, committed 6040K, reserved 6448K
}
Event: 3.762 GC heap before
{Heap before GC invocations=11 (full 0):
 def new generation   total 2432K, used 2432K [0x68600000, 0x688a0000, 0x7d350000)
  eden space 2176K, 100% used [0x68600000, 0x68820000, 0x68820000)
  from space 256K, 100% used [0x68860000, 0x688a0000, 0x688a0000)
  to   space 256K,   0% used [0x68820000, 0x68820000, 0x68860000)
 tenured generation   total 5504K, used 2620K [0x7d350000, 0x7d8b0000, 0xa6e00000)
   the space 5504K,  47% used [0x7d350000, 0x7d5df1f8, 0x7d5df200, 0x7d8b0000)
 Metaspace       used 6066K, capacity 6217K, committed 6296K, reserved 6448K
Event: 3.765 GC heap after
Heap after GC invocations=12 (full 0):
 def new generation   total 2432K, used 256K [0x68600000, 0x688a0000, 0x7d350000)
  eden space 2176K,   0% used [0x68600000, 0x68600000, 0x68820000)
  from space 256K, 100% used [0x68820000, 0x68860000, 0x68860000)
  to   space 256K,   0% used [0x68860000, 0x68860000, 0x688a0000)
 tenured generation   total 5504K, used 3104K [0x7d350000, 0x7d8b0000, 0xa6e00000)
   the space 5504K,  56% used [0x7d350000, 0x7d6582f8, 0x7d658400, 0x7d8b0000)
 Metaspace       used 6066K, capacity 6217K, committed 6296K, reserved 6448K
}
Event: 3.913 GC heap before
{Heap before GC invocations=12 (full 0):
 def new generation   total 2432K, used 2432K [0x68600000, 0x688a0000, 0x7d350000)
  eden space 2176K, 100% used [0x68600000, 0x68820000, 0x68820000)
  from space 256K, 100% used [0x68820000, 0x68860000, 0x68860000)
  to   space 256K,   0% used [0x68860000, 0x68860000, 0x688a0000)
 tenured generation   total 5504K, used 3104K [0x7d350000, 0x7d8b0000, 0xa6e00000)
   the space 5504K,  56% used [0x7d350000, 0x7d6582f8, 0x7d658400, 0x7d8b0000)
 Metaspace       used 6184K, capacity 6377K, committed 6424K, reserved 6448K
Event: 3.914 GC heap after
Heap after GC invocations=13 (full 0):
 def new generation   total 2432K, used 252K [0x68600000, 0x688a0000, 0x7d350000)
  eden space 2176K,   0% used [0x68600000, 0x68600000, 0x68820000)
  from space 256K,  98% used [0x68860000, 0x6889f2a0, 0x688a0000)
  to   space 256K,   0% used [0x68820000, 0x68820000, 0x68860000)
 tenured generation   total 5504K, used 3359K [0x7d350000, 0x7d8b0000, 0xa6e00000)
   the space 5504K,  61% used [0x7d350000, 0x7d697e38, 0x7d698000, 0x7d8b0000)
 Metaspace       used 6184K, capacity 6377K, committed 6424K, reserved 6448K
}
Event: 3.999 GC heap before
{Heap before GC invocations=13 (full 0):
 def new generation   total 2432K, used 1186K [0x68600000, 0x688a0000, 0x7d350000)
  eden space 2176K,  42% used [0x68600000, 0x686e9918, 0x68820000)
  from space 256K,  98% used [0x68860000, 0x6889f2a0, 0x688a0000)
  to   space 256K,   0% used [0x68820000, 0x68820000, 0x68860000)
 tenured generation   total 5504K, used 3359K [0x7d350000, 0x7d8b0000, 0xa6e00000)
   the space 5504K,  61% used [0x7d350000, 0x7d697e38, 0x7d698000, 0x7d8b0000)
 Metaspace       used 6291K, capacity 6473K, committed 6552K, reserved 7472K
Event: 4.022 GC heap after
Heap after GC invocations=14 (full 1):
 def new generation   total 2560K, used 0K [0x68600000, 0x688c0000, 0x7d350000)
  eden space 2304K,   0% used [0x68600000, 0x68600000, 0x68840000)
  from space 256K,   0% used [0x68840000, 0x68840000, 0x68880000)
  to   space 256K,   0% used [0x68880000, 0x68880000, 0x688c0000)
 tenured generation   total 5504K, used 2745K [0x7d350000, 0x7d8b0000, 0xa6e00000)
   the space 5504K,  49% used [0x7d350000, 0x7d5fe768, 0x7d5fe800, 0x7d8b0000)
 Metaspace       used 6291K, capacity 6473K, committed 6552K, reserved 7472K
}
Event: 4.293 GC heap before
{Heap before GC invocations=14 (full 1):
 def new generation   total 2560K, used 1323K [0x68600000, 0x688c0000, 0x7d350000)
  eden space 2304K,  57% used [0x68600000, 0x6874af10, 0x68840000)
  from space 256K,   0% used [0x68840000, 0x68840000, 0x68880000)
  to   space 256K,   0% used [0x68880000, 0x68880000, 0x688c0000)
 tenured generation   total 102788K, used 100025K [0x7d350000, 0x837b1000, 0xa6e00000)
   the space 102788K,  97% used [0x7d350000, 0x834fe778, 0x834fe800, 0x837b1000)
 Metaspace       used 6291K, capacity 6473K, committed 6552K, reserved 7472K

Deoptimization events (10 events):
Event: 0.766 Thread 0xb6208400 Uncommon trap: reason=unstable_if action=reinterpret pc=0xa7322410 method=java.lang.AbstractStringBuilder.append(Ljava/lang/String;)Ljava/lang/AbstractStringBuilder; @ 1
Event: 1.266 Thread 0xb6208400 Uncommon trap: reason=unstable_if action=reinterpret pc=0xa7399170 method=org.apache.xerces.impl.XMLEntityScanner.scanContent(Lorg/apache/xerces/xni/XMLString;)I @ 43
Event: 2.644 Thread 0xb6208400 Uncommon trap: reason=unstable_if action=reinterpret pc=0xa7364508 method=java.lang.String.replace(CC)Ljava/lang/String; @ 26
Event: 2.867 Thread 0xb6208400 Uncommon trap: reason=unstable_if action=reinterpret pc=0xa733506c method=java.io.UnixFileSystem.normalize(Ljava/lang/String;)Ljava/lang/String; @ 60
Event: 3.418 Thread 0xb6208400 Uncommon trap: reason=unstable_if action=reinterpret pc=0xa7459a5c method=org.apache.hadoop.fs.FSInputChecker.readFully(Ljava/io/InputStream;[BII)I @ 46
Event: 3.418 Thread 0xb6208400 Uncommon trap: reason=unstable_if action=reinterpret pc=0xa7458990 method=org.apache.hadoop.fs.FSInputChecker.readFully(Ljava/io/InputStream;[BII)I @ 20
Event: 3.418 Thread 0xb6208400 Uncommon trap: reason=unstable_if action=reinterpret pc=0xa744fc1c method=org.apache.hadoop.fs.FSOutputSummer.write1([BII)I @ 13
Event: 3.418 Thread 0xb6208400 Uncommon trap: reason=unstable_if action=reinterpret pc=0xa744a400 method=org.apache.hadoop.fs.FSInputChecker.readFully(Ljava/io/InputStream;[BII)I @ 20
Event: 3.544 Thread 0xb6208400 Uncommon trap: reason=unstable_if action=reinterpret pc=0xa7358868 method=sun.misc.URLClassPath$JarLoader.getResource(Ljava/lang/String;Z)Lsun/misc/Resource; @ 15
Event: 3.757 Thread 0xb6208400 Uncommon trap: reason=unstable_if action=reinterpret pc=0xa745b128 method=org.apache.hadoop.fs.FSInputChecker.needChecksum()Z @ 11

Internal exceptions (10 events):
Event: 0.659 Thread 0xb6208400 Exception <a 'java/lang/ClassNotFoundException': org/apache/log4j/FileAppenderBeanInfo> (0x68653948) thrown at [/build/buildd/openjdk-8-8u45-b14/src/hotspot/src/share/vm/classfile/systemDictionary.cpp, line 210]
Event: 0.659 Thread 0xb6208400 Exception <a 'java/lang/ClassNotFoundException': org/apache/log4j/WriterAppenderBeanInfo> (0x68662170) thrown at [/build/buildd/openjdk-8-8u45-b14/src/hotspot/src/share/vm/classfile/systemDictionary.cpp, line 210]
Event: 0.660 Thread 0xb6208400 Exception <a 'java/lang/ClassNotFoundException': org/apache/log4j/AppenderSkeletonBeanInfo> (0x686710f8) thrown at [/build/buildd/openjdk-8-8u45-b14/src/hotspot/src/share/vm/classfile/systemDictionary.cpp, line 210]
Event: 0.660 Thread 0xb6208400 Exception <a 'java/lang/ClassNotFoundException': org/apache/log4j/AppenderSkeletonCustomizer> (0x68680540) thrown at [/build/buildd/openjdk-8-8u45-b14/src/hotspot/src/share/vm/classfile/systemDictionary.cpp, line 210]
Event: 0.679 Thread 0xb6208400 Exception <a 'java/lang/ClassNotFoundException': org/apache/log4j/WriterAppenderCustomizer> (0x686a47b8) thrown at [/build/buildd/openjdk-8-8u45-b14/src/hotspot/src/share/vm/classfile/systemDictionary.cpp, line 210]
Event: 0.680 Thread 0xb6208400 Exception <a 'java/lang/ClassNotFoundException': org/apache/log4j/FileAppenderCustomizer> (0x686beb80) thrown at [/build/buildd/openjdk-8-8u45-b14/src/hotspot/src/share/vm/classfile/systemDictionary.cpp, line 210]
Event: 0.702 Thread 0xb6208400 Exception <a 'java/lang/ClassNotFoundException': org/apache/log4j/DailyRollingFileAppenderCustomizer> (0x686dae90) thrown at [/build/buildd/openjdk-8-8u45-b14/src/hotspot/src/share/vm/classfile/systemDictionary.cpp, line 210]
Event: 0.766 Thread 0xb6208400 Implicit null exception at 0xa73220bf to 0xa73223fd
Event: 2.503 Thread 0xb6208400 Exception <a 'java/lang/NoSuchFieldError': method resolution failed> (0x6880e498) thrown at [/build/buildd/openjdk-8-8u45-b14/src/hotspot/src/share/vm/prims/methodHandles.cpp, line 1125]
Event: 2.515 Thread 0xb6208400 Exception <a 'java/lang/NoSuchFieldError': method resolution failed> (0x6881b900) thrown at [/build/buildd/openjdk-8-8u45-b14/src/hotspot/src/share/vm/prims/methodHandles.cpp, line 1125]

Events (10 events):
Event: 3.993 loading class org/apache/hadoop/util/QuickSort done
Event: 3.993 loading class org/apache/hadoop/util/IndexedSorter
Event: 3.993 loading class org/apache/hadoop/util/IndexedSorter done
Event: 3.994 loading class org/apache/hadoop/util/HeapSort
Event: 3.994 loading class org/apache/hadoop/util/HeapSort done
Event: 3.999 Executing VM operation: GenCollectForAllocation
Event: 4.032 Executing VM operation: GenCollectForAllocation done
Event: 4.086 Executing VM operation: EnableBiasedLocking
Event: 4.287 Executing VM operation: EnableBiasedLocking done
Event: 4.292 Executing VM operation: GenCollectForAllocation


Dynamic libraries:
08048000-08049000 r-xp 00000000 08:01 6562       /usr/lib/jvm/java-8-openjdk-i386/jre/bin/java
08049000-0804a000 r--p 00000000 08:01 6562       /usr/lib/jvm/java-8-openjdk-i386/jre/bin/java
0804a000-0804b000 rw-p 00001000 08:01 6562       /usr/lib/jvm/java-8-openjdk-i386/jre/bin/java
08574000-08825000 rw-p 00000000 00:00 0          [heap]
66980000-669a0000 rw-p 00000000 00:00 0 
669a0000-66a80000 ---p 00000000 00:00 0 
66a80000-66a83000 ---p 00000000 00:00 0 
66a83000-66ad1000 rw-p 00000000 00:00 0          [stack:6735]
66ad1000-66ad4000 ---p 00000000 00:00 0 
66ad4000-66b22000 rw-p 00000000 00:00 0 
66b22000-66b27000 r--s 002f8000 08:01 6558       /usr/lib/jvm/java-8-openjdk-i386/jre/lib/charsets.jar
66b27000-66c27000 rw-p 00000000 00:00 0 
66c27000-66de8000 rw-p 00000000 00:00 0 
66de8000-66dfe000 r-xp 00000000 08:01 6521       /usr/lib/jvm/java-8-openjdk-i386/jre/lib/i386/libnet.so
66dfe000-66dff000 r--p 00015000 08:01 6521       /usr/lib/jvm/java-8-openjdk-i386/jre/lib/i386/libnet.so
66dff000-66e00000 rw-p 00016000 08:01 6521       /usr/lib/jvm/java-8-openjdk-i386/jre/lib/i386/libnet.so
66e00000-66e9a000 rw-p 00000000 00:00 0 
66e9a000-66f00000 ---p 00000000 00:00 0 
66f00000-67000000 rw-p 00000000 00:00 0 
67000000-67100000 rw-p 00000000 00:00 0 
67100000-671c1000 rw-p 00000000 00:00 0 
671c1000-67200000 ---p 00000000 00:00 0 
67200000-672fe000 rw-p 00000000 00:00 0 
672fe000-67300000 ---p 00000000 00:00 0 
67302000-67315000 r--s 00345000 08:01 6497       /usr/lib/jvm/java-8-openjdk-i386/jre/lib/resources.jar
67315000-6731e000 r-xp 00000000 08:01 6525       /usr/lib/jvm/java-8-openjdk-i386/jre/lib/i386/libmanagement.so
6731e000-6731f000 r--p 00008000 08:01 6525       /usr/lib/jvm/java-8-openjdk-i386/jre/lib/i386/libmanagement.so
6731f000-67320000 rw-p 00009000 08:01 6525       /usr/lib/jvm/java-8-openjdk-i386/jre/lib/i386/libmanagement.so
67320000-67323000 ---p 00000000 00:00 0 
67323000-67371000 rw-p 00000000 00:00 0          [stack:6732]
67371000-67374000 ---p 00000000 00:00 0 
67374000-6738a000 rw-p 00000000 00:00 0          [stack:6710]
6738a000-6738c000 r--s 0000b000 08:01 10457      /home/jaan/WCAGgrader/grader/lib/jetty-ext/jsp-api.jar
6738c000-6738e000 r--s 00018000 08:01 10456      /home/jaan/WCAGgrader/grader/lib/jetty-ext/jasper-runtime.jar
6738e000-67393000 r--s 00051000 08:01 10455      /home/jaan/WCAGgrader/grader/lib/jetty-ext/jasper-compiler.jar
67393000-67396000 r--s 00019000 08:01 10454      /home/jaan/WCAGgrader/grader/lib/jetty-ext/commons-el.jar
67396000-673a5000 r--s 000d1000 08:01 10453      /home/jaan/WCAGgrader/grader/lib/jetty-ext/ant.jar
673a5000-673b9000 r--s 000e3000 08:01 10482      /home/jaan/WCAGgrader/grader/lib/xerces-2_6_2.jar
673b9000-673bf000 r--s 00019000 08:01 10481      /home/jaan/WCAGgrader/grader/lib/xerces-2_6_2-apis.jar
673bf000-673c7000 r--s 0004b000 08:01 10480      /home/jaan/WCAGgrader/grader/lib/wayback-core-1.2.1.jar
673c7000-673ca000 r--s 00019000 08:01 10479      /home/jaan/WCAGgrader/grader/lib/tika-0.1-incubating.jar
673ca000-673cc000 r--s 00006000 08:01 10477      /home/jaan/WCAGgrader/grader/lib/taglibs-i18n.jar
673cc000-673ce000 r--s 00016000 08:01 10476      /home/jaan/WCAGgrader/grader/lib/servlet-api.jar
673ce000-673d7000 r--s 000e4000 08:01 6782       /home/jaan/WCAGgrader/grader/lib/mysql.jar
673d7000-673de000 r--s 00067000 08:01 10464      /home/jaan/WCAGgrader/grader/lib/mg4j-1.0.1.jar
673de000-673eb000 r--s 000bb000 08:01 10462      /home/jaan/WCAGgrader/grader/lib/lucene-core-2.4.0.jar
673eb000-673f2000 r--s 00059000 08:01 10461      /home/jaan/WCAGgrader/grader/lib/log4j-1.2.15.jar
673f2000-673f4000 r--s 00019000 08:01 10460      /home/jaan/WCAGgrader/grader/lib/libidn-0.6.5.jar
673f4000-673fb000 r--s 0009c000 08:01 10451      /home/jaan/WCAGgrader/grader/lib/jetty-5.1.4.jar
673fb000-67400000 r--s 0004a000 08:01 10449      /home/jaan/WCAGgrader/grader/lib/jets3t-0.6.1.jar
67400000-67500000 rw-p 00000000 00:00 0 
67500000-67503000 r--s 0001b000 08:01 10459      /home/jaan/WCAGgrader/grader/lib/junit-3.8.1.jar
67503000-67505000 r--s 0000e000 08:01 10447      /home/jaan/WCAGgrader/grader/lib/jakarta-oro-2.0.8.jar
67505000-67523000 r--s 00546000 08:01 10446      /home/jaan/WCAGgrader/grader/lib/icu4j-4_0_1.jar
67523000-67543000 r--s 00227000 08:01 10444      /home/jaan/WCAGgrader/grader/lib/hadoop-0.19.1-core.jar
67543000-67546000 r--s 00019000 08:01 10443      /home/jaan/WCAGgrader/grader/lib/fastutil-5.0.3.jar
67546000-67548000 r--s 00005000 08:01 10441      /home/jaan/WCAGgrader/grader/lib/commons-logging-api-1.0.4.jar
67548000-6754a000 r--s 00007000 08:01 10440      /home/jaan/WCAGgrader/grader/lib/commons-logging-1.0.4.jar
6754a000-6754e000 r--s 0002f000 08:01 10439      /home/jaan/WCAGgrader/grader/lib/commons-lang-2.1.jar
6754e000-67553000 r--s 00040000 08:01 10438      /home/jaan/WCAGgrader/grader/lib/commons-httpclient-3.0.1.jar
67553000-67561000 r--s 0007f000 08:01 10436      /home/jaan/WCAGgrader/grader/lib/commons-collections-3.2.1.jar
67561000-67563000 r--s 0000a000 08:01 10435      /home/jaan/WCAGgrader/grader/lib/commons-codec-1.3.jar
67563000-675db000 r--s 010ee000 08:01 427766     /usr/lib/jvm/java-8-openjdk-i386/lib/tools.jar
675db000-675dc000 ---p 00000000 00:00 0 
675dc000-6765c000 rw-p 00000000 00:00 0          [stack:6706]
6765c000-6765f000 ---p 00000000 00:00 0 
6765f000-676ad000 rw-p 00000000 00:00 0          [stack:6705]
676ad000-676b0000 ---p 00000000 00:00 0 
676b0000-6772e000 rw-p 00000000 00:00 0          [stack:6704]
6772e000-67731000 ---p 00000000 00:00 0 
67731000-677af000 rw-p 00000000 00:00 0          [stack:6703]
677af000-677b2000 ---p 00000000 00:00 0 
677b2000-67800000 rw-p 00000000 00:00 0          [stack:6702]
67800000-67a00000 r--p 00000000 08:01 131074     /usr/lib/locale/locale-archive
67a00000-67afa000 rw-p 00000000 00:00 0 
67afa000-67b00000 ---p 00000000 00:00 0 
67b00000-67b03000 r--s 0001c000 08:01 10434      /home/jaan/WCAGgrader/grader/lib/commons-cli-2.0-SNAPSHOT.jar
67b03000-67b08000 r--s 00034000 08:01 10433      /home/jaan/WCAGgrader/grader/lib/commons-beanutils-1.8.0.jar
67b08000-67b12000 r--s 000a2000 08:01 6781       /home/jaan/WCAGgrader/grader/lib/commons-2.0.1-SNAPSHOT.jar
67b12000-67b23000 r--s 01964000 08:01 10492      /home/jaan/WCAGgrader/grader/nutch-1.0.job
67b23000-67b34000 r--s 01a48000 08:01 8273       /home/jaan/WCAGgrader/grader/build/nutch-1.0.job
67b34000-67b37000 ---p 00000000 00:00 0 
67b37000-67b85000 rw-p 00000000 00:00 0          [stack:6701]
67b85000-67b88000 ---p 00000000 00:00 0 
67b88000-67bd6000 rw-p 00000000 00:00 0          [stack:6700]
67bd6000-67bd7000 ---p 00000000 00:00 0 
67bd7000-67ca4000 rw-p 00000000 00:00 0          [stack:6699]
67ca4000-67e71000 r--s 03bd3000 08:01 6485       /usr/lib/jvm/java-8-openjdk-i386/jre/lib/rt.jar
67e71000-682b7000 rw-p 00000000 00:00 0 
682b7000-682bd000 ---p 00000000 00:00 0 
682bd000-682f0000 rw-p 00000000 00:00 0 
682f0000-6840b000 ---p 00000000 00:00 0 
6840b000-6840d000 rw-p 00000000 00:00 0 
6840d000-684b1000 ---p 00000000 00:00 0 
684b1000-684e4000 rw-p 00000000 00:00 0 
684e4000-685ff000 ---p 00000000 00:00 0 
685ff000-688c0000 rw-p 00000000 00:00 0 
688c0000-7d350000 ---p 00000000 00:00 0 
7d350000-837b1000 rw-p 00000000 00:00 0 
875ef000-87833000 rw-p 00000000 00:00 0 
87833000-a6e00000 ---p 00000000 00:00 0 
a6e00000-a6e01000 r--p 00000000 00:00 0 
a6e01000-a6e04000 r--s 00015000 08:01 10430      /home/jaan/WCAGgrader/grader/lib/apache-solr-solrj-1.3.0.jar
a6e04000-a6e0a000 r--s 0003a000 08:01 6501       /usr/lib/jvm/java-8-openjdk-i386/jre/lib/ext/sunjce_provider.jar
a6e0a000-a6e24000 r--s 001d3000 08:01 6502       /usr/lib/jvm/java-8-openjdk-i386/jre/lib/ext/nashorn.jar
a6e24000-a6e40000 r--s 00393000 08:01 6504       /usr/lib/jvm/java-8-openjdk-i386/jre/lib/ext/cldrdata.jar
a6e40000-a6e4c000 rw-p 00000000 00:00 0 
a6e4c000-a7200000 ---p 00000000 00:00 0 
a7200000-a74e0000 rwxp 00000000 00:00 0 
a74e0000-b6200000 ---p 00000000 00:00 0 
b6200000-b62ff000 rw-p 00000000 00:00 0 
b62ff000-b6300000 ---p 00000000 00:00 0 
b6300000-b630b000 r--s 00116000 08:01 6507       /usr/lib/jvm/java-8-openjdk-i386/jre/lib/ext/localedata.jar
b630b000-b6366000 rw-p 00000000 00:00 0 
b6366000-b6372000 r-xp 00000000 08:01 263228     /lib/i386-linux-gnu/libnss_files-2.21.so
b6372000-b6373000 r--p 0000b000 08:01 263228     /lib/i386-linux-gnu/libnss_files-2.21.so
b6373000-b6374000 rw-p 0000c000 08:01 263228     /lib/i386-linux-gnu/libnss_files-2.21.so
b6374000-b637f000 r-xp 00000000 08:01 263230     /lib/i386-linux-gnu/libnss_nis-2.21.so
b637f000-b6380000 r--p 0000a000 08:01 263230     /lib/i386-linux-gnu/libnss_nis-2.21.so
b6380000-b6381000 rw-p 0000b000 08:01 263230     /lib/i386-linux-gnu/libnss_nis-2.21.so
b6381000-b6398000 r-xp 00000000 08:01 263232     /lib/i386-linux-gnu/libnsl-2.21.so
b6398000-b6399000 r--p 00016000 08:01 263232     /lib/i386-linux-gnu/libnsl-2.21.so
b6399000-b639a000 rw-p 00017000 08:01 263232     /lib/i386-linux-gnu/libnsl-2.21.so
b639a000-b639c000 rw-p 00000000 00:00 0 
b639c000-b63a4000 r-xp 00000000 08:01 263229     /lib/i386-linux-gnu/libnss_compat-2.21.so
b63a4000-b63a5000 r--p 00007000 08:01 263229     /lib/i386-linux-gnu/libnss_compat-2.21.so
b63a5000-b63a6000 rw-p 00008000 08:01 263229     /lib/i386-linux-gnu/libnss_compat-2.21.so
b63a6000-b63a8000 r--s 00014000 08:01 10429      /home/jaan/WCAGgrader/grader/lib/apache-solr-common-1.3.0.jar
b63a8000-b63ab000 r--s 0000f000 08:01 6499       /usr/lib/jvm/java-8-openjdk-i386/jre/lib/ext/icedtea-sound.jar
b63ab000-b63ae000 r--s 00037000 08:01 6500       /usr/lib/jvm/java-8-openjdk-i386/jre/lib/ext/sunpkcs11.jar
b63ae000-b63b6000 r-xp 00000000 08:01 6546       /usr/lib/jvm/java-8-openjdk-i386/jre/lib/i386/libzip.so
b63b6000-b63b7000 r--p 00007000 08:01 6546       /usr/lib/jvm/java-8-openjdk-i386/jre/lib/i386/libzip.so
b63b7000-b63b8000 rw-p 00008000 08:01 6546       /usr/lib/jvm/java-8-openjdk-i386/jre/lib/i386/libzip.so
b63b8000-b63c0000 rw-s 00000000 08:01 266232     /tmp/hsperfdata_jaan/6682
b63c0000-b63e7000 r-xp 00000000 08:01 6530       /usr/lib/jvm/java-8-openjdk-i386/jre/lib/i386/libjava.so
b63e7000-b63e8000 r--p 00026000 08:01 6530       /usr/lib/jvm/java-8-openjdk-i386/jre/lib/i386/libjava.so
b63e8000-b63e9000 rw-p 00027000 08:01 6530       /usr/lib/jvm/java-8-openjdk-i386/jre/lib/i386/libjava.so
b63e9000-b63f0000 r-xp 00000000 08:01 263238     /lib/i386-linux-gnu/librt-2.21.so
b63f0000-b63f1000 r--p 00006000 08:01 263238     /lib/i386-linux-gnu/librt-2.21.so
b63f1000-b63f2000 rw-p 00007000 08:01 263238     /lib/i386-linux-gnu/librt-2.21.so
b63f2000-b63f5000 ---p 00000000 00:00 0 
b63f5000-b6443000 rw-p 00000000 00:00 0          [stack:6698]
b6443000-b645f000 r-xp 00000000 08:01 262743     /lib/i386-linux-gnu/libgcc_s.so.1
b645f000-b6460000 rw-p 0001b000 08:01 262743     /lib/i386-linux-gnu/libgcc_s.so.1
b6460000-b64ab000 r-xp 00000000 08:01 263235     /lib/i386-linux-gnu/libm-2.21.so
b64ab000-b64ac000 r--p 0004a000 08:01 263235     /lib/i386-linux-gnu/libm-2.21.so
b64ac000-b64ad000 rw-p 0004b000 08:01 263235     /lib/i386-linux-gnu/libm-2.21.so
b64ad000-b6596000 r-xp 00000000 08:01 139236     /usr/lib/i386-linux-gnu/libstdc++.so.6.0.20
b6596000-b659a000 r--p 000e9000 08:01 139236     /usr/lib/i386-linux-gnu/libstdc++.so.6.0.20
b659a000-b659b000 rw-p 000ed000 08:01 139236     /usr/lib/i386-linux-gnu/libstdc++.so.6.0.20
b659b000-b65a2000 rw-p 00000000 00:00 0 
b65a2000-b70a5000 r-xp 00000000 08:01 6535       /usr/lib/jvm/java-8-openjdk-i386/jre/lib/i386/server/libjvm.so
b70a5000-b70f3000 r--p 00b02000 08:01 6535       /usr/lib/jvm/java-8-openjdk-i386/jre/lib/i386/server/libjvm.so
b70f3000-b710a000 rw-p 00b50000 08:01 6535       /usr/lib/jvm/java-8-openjdk-i386/jre/lib/i386/server/libjvm.so
b710a000-b752b000 rw-p 00000000 00:00 0 
b752b000-b7544000 r-xp 00000000 08:01 263227     /lib/i386-linux-gnu/libpthread-2.21.so
b7544000-b7545000 r--p 00018000 08:01 263227     /lib/i386-linux-gnu/libpthread-2.21.so
b7545000-b7546000 rw-p 00019000 08:01 263227     /lib/i386-linux-gnu/libpthread-2.21.so
b7546000-b7548000 rw-p 00000000 00:00 0 
b7548000-b754b000 r-xp 00000000 08:01 263247     /lib/i386-linux-gnu/libdl-2.21.so
b754b000-b754c000 r--p 00002000 08:01 263247     /lib/i386-linux-gnu/libdl-2.21.so
b754c000-b754d000 rw-p 00003000 08:01 263247     /lib/i386-linux-gnu/libdl-2.21.so
b754d000-b7566000 r-xp 00000000 08:01 262794     /lib/i386-linux-gnu/libz.so.1.2.8
b7566000-b7567000 r--p 00019000 08:01 262794     /lib/i386-linux-gnu/libz.so.1.2.8
b7567000-b7568000 rw-p 0001a000 08:01 262794     /lib/i386-linux-gnu/libz.so.1.2.8
b7568000-b7569000 rw-p 00000000 00:00 0 
b7569000-b771d000 r-xp 00000000 08:01 263234     /lib/i386-linux-gnu/libc-2.21.so
b771d000-b7720000 r--p 001b3000 08:01 263234     /lib/i386-linux-gnu/libc-2.21.so
b7720000-b7722000 rw-p 001b6000 08:01 263234     /lib/i386-linux-gnu/libc-2.21.so
b7722000-b7724000 rw-p 00000000 00:00 0 
b7724000-b7725000 r--s 0000c000 08:01 10463      /home/jaan/WCAGgrader/grader/lib/lucene-misc-2.4.0.jar
b7725000-b7726000 r--s 00008000 08:01 6506       /usr/lib/jvm/java-8-openjdk-i386/jre/lib/ext/sunec.jar
b7726000-b7728000 r--s 00001000 08:01 6505       /usr/lib/jvm/java-8-openjdk-i386/jre/lib/ext/dnsns.jar
b7728000-b7729000 r--s 00010000 08:01 6503       /usr/lib/jvm/java-8-openjdk-i386/jre/lib/ext/zipfs.jar
b7729000-b772b000 r--s 00006000 08:01 264070     /usr/share/java/java-atk-wrapper.jar
b772b000-b772c000 rw-p 00000000 00:00 0 
b772c000-b772d000 ---p 00000000 00:00 0 
b772d000-b773b000 r-xp 00000000 08:01 6529       /usr/lib/jvm/java-8-openjdk-i386/jre/lib/i386/libverify.so
b773b000-b773d000 r--p 0000d000 08:01 6529       /usr/lib/jvm/java-8-openjdk-i386/jre/lib/i386/libverify.so
b773d000-b773e000 rw-p 0000f000 08:01 6529       /usr/lib/jvm/java-8-openjdk-i386/jre/lib/i386/libverify.so
b773e000-b774b000 r-xp 00000000 08:01 6514       /usr/lib/jvm/java-8-openjdk-i386/jre/lib/i386/jli/libjli.so
b774b000-b774c000 r--p 0000c000 08:01 6514       /usr/lib/jvm/java-8-openjdk-i386/jre/lib/i386/jli/libjli.so
b774c000-b774d000 rw-p 0000d000 08:01 6514       /usr/lib/jvm/java-8-openjdk-i386/jre/lib/i386/jli/libjli.so
b774d000-b774f000 rw-p 00000000 00:00 0 
b774f000-b7751000 r--p 00000000 00:00 0          [vvar]
b7751000-b7752000 r-xp 00000000 00:00 0          [vdso]
b7752000-b7774000 r-xp 00000000 08:01 263231     /lib/i386-linux-gnu/ld-2.21.so
b7774000-b7775000 r--p 00021000 08:01 263231     /lib/i386-linux-gnu/ld-2.21.so
b7775000-b7776000 rw-p 00022000 08:01 263231     /lib/i386-linux-gnu/ld-2.21.so
bfe16000-bfe17000 rwxp 00000000 00:00 0 
bfe48000-bfe6a000 rw-p 00000000 00:00 0          [stack]

VM Arguments:
jvm_args: -Xmx1000m -Dhadoop.log.dir=/home/jaan/WCAGgrader/grader/logs -Dhadoop.log.file=hadoop.log -Djava.library.path=/home/jaan/WCAGgrader/grader/lib/native/Linux-i386-32 
java_command: org.archive.nutchwax.Importer /warcs/manifest
java_class_path (initial): /home/jaan/WCAGgrader/grader:/home/jaan/WCAGgrader/grader/conf:/usr/lib/jvm/java-1.8.0-openjdk-i386//lib/tools.jar:/home/jaan/WCAGgrader/grader/build:/home/jaan/WCAGgrader/grader/build/test/classes:/home/jaan/WCAGgrader/grader/build/nutch-1.0.job:/home/jaan/WCAGgrader/grader/nutch-1.0.job:/home/jaan/WCAGgrader/grader/lib/apache-solr-common-1.3.0.jar:/home/jaan/WCAGgrader/grader/lib/apache-solr-solrj-1.3.0.jar:/home/jaan/WCAGgrader/grader/lib/commons-2.0.1-SNAPSHOT.jar:/home/jaan/WCAGgrader/grader/lib/commons-beanutils-1.8.0.jar:/home/jaan/WCAGgrader/grader/lib/commons-cli-2.0-SNAPSHOT.jar:/home/jaan/WCAGgrader/grader/lib/commons-codec-1.3.jar:/home/jaan/WCAGgrader/grader/lib/commons-collections-3.2.1.jar:/home/jaan/WCAGgrader/grader/lib/commons-httpclient-3.0.1.jar:/home/jaan/WCAGgrader/grader/lib/commons-lang-2.1.jar:/home/jaan/WCAGgrader/grader/lib/commons-logging-1.0.4.jar:/home/jaan/WCAGgrader/grader/lib/commons-logging-api-1.0.4.jar:/home/jaan/WCAGgrader/grader/lib/fastutil-5.0.3.jar:/home/jaan/WCAGgrader/grader/lib/hadoop-0.19.1-core.jar:/home/jaan/WCAGgrader/grader/lib/icu4j-4_0_1.jar:/home/jaan/WCAGgrader/grader/lib/jakarta-oro-2.0.8.jar:/home/jaan/WCAGgrader/grader/lib/jets3t-0.6.1.jar:/home/jaan/WCAGgrader/grader/lib/jetty-5.1.4.jar:/home/jaan/WCAGgrader/grader/lib/junit-3.8.1.jar:/home/jaan/WCAGgrader/grader/lib/libidn-0.6.5.jar:/home/jaan/WCAGgrader/grader/lib/log4j-1.2.15.jar:/home/jaan/WCAGgrader/grader/lib/lucene-core-2.4.0.jar:/home/jaan/WCAGgrader/grader/lib/lucene-misc-2.4.0.jar:/home/jaan/WCAGgrader/grader/lib/mg4j-1.0.1.jar:/home/jaan/WCAGgrader/grader/lib/mysql.jar:/home/jaan/WCAGgrader/grader/lib/servlet-api.jar:/home/jaan/WCAGgrader/grader/lib/taglibs-i18n.jar:/home/jaan/WCAGgrader/grader/lib/tika-0.1-incubating.jar:/home/jaan/WCAGgrader/grader/lib/wayback-core-1.2.1.jar:/home/jaan/WCAGgrader/grader/lib/xerces-2_6_2-apis.jar:/home/jaan/WCAGgrader/grader/lib/xerces-2_6_2.jar:/home/jaan/WCAGgrader/grader/lib/jetty-ex
Launcher Type: SUN_STANDARD

Environment Variables:
JAVA_HOME=/usr/lib/jvm/java-1.8.0-openjdk-i386/
PATH=/usr/local/sbin:/usr/local/bin:/usr/sbin:/usr/bin:/sbin:/bin:/usr/games:/usr/local/games
USERNAME=jaan
SHELL=/bin/bash
DISPLAY=:0

Signal Handlers:
SIGSEGV: [libjvm.so+0x8f4900], sa_mask[0]=11111111011111111101111111111110, sa_flags=SA_RESTART|SA_SIGINFO
SIGBUS: [libjvm.so+0x8f4900], sa_mask[0]=11111111011111111101111111111110, sa_flags=SA_RESTART|SA_SIGINFO
SIGFPE: [libjvm.so+0x75c6d0], sa_mask[0]=11111111011111111101111111111110, sa_flags=SA_RESTART|SA_SIGINFO
SIGPIPE: [libjvm.so+0x75c6d0], sa_mask[0]=11111111011111111101111111111110, sa_flags=SA_RESTART|SA_SIGINFO
SIGXFSZ: [libjvm.so+0x75c6d0], sa_mask[0]=11111111011111111101111111111110, sa_flags=SA_RESTART|SA_SIGINFO
SIGILL: [libjvm.so+0x75c6d0], sa_mask[0]=11111111011111111101111111111110, sa_flags=SA_RESTART|SA_SIGINFO
SIGUSR1: SIG_DFL, sa_mask[0]=00000000000000000000000000000000, sa_flags=none
SIGUSR2: [libjvm.so+0x75c510], sa_mask[0]=00000000000000000000000000000000, sa_flags=SA_RESTART|SA_SIGINFO
SIGHUP: [libjvm.so+0x75c7a0], sa_mask[0]=11111111011111111101111111111110, sa_flags=SA_RESTART|SA_SIGINFO
SIGINT: [libjvm.so+0x75c7a0], sa_mask[0]=11111111011111111101111111111110, sa_flags=SA_RESTART|SA_SIGINFO
SIGTERM: [libjvm.so+0x75c7a0], sa_mask[0]=11111111011111111101111111111110, sa_flags=SA_RESTART|SA_SIGINFO
SIGQUIT: [libjvm.so+0x75c7a0], sa_mask[0]=11111111011111111101111111111110, sa_flags=SA_RESTART|SA_SIGINFO


---------------  S Y S T E M  ---------------

OS:DISTRIB_ID=Ubuntu
DISTRIB_RELEASE=15.04
DISTRIB_CODENAME=vivid
DISTRIB_DESCRIPTION="Ubuntu 15.04"

uname:Linux 3.19.0-21-generic #21-Ubuntu SMP Sun Jun 14 18:34:06 UTC 2015 i686
libc:glibc 2.21 NPTL 2.21 
rlimit: STACK 8192k, CORE 0k, NPROC 3791, NOFILE 65536, AS infinity
load average:0.59 0.40 0.36

/proc/meminfo:
MemTotal:         506348 kB
MemFree:            6000 kB
MemAvailable:      36044 kB
Buffers:             384 kB
Cached:            29412 kB
SwapCached:         6068 kB
Active:           219492 kB
Inactive:         221708 kB
Active(anon):     207568 kB
Inactive(anon):   209952 kB
Active(file):      11924 kB
Inactive(file):    11756 kB
Unevictable:          24 kB
Mlocked:              24 kB
HighTotal:             0 kB
HighFree:              0 kB
LowTotal:         506348 kB
LowFree:            6000 kB
SwapTotal:        522236 kB
SwapFree:              0 kB
Dirty:                64 kB
Writeback:             0 kB
AnonPages:        406028 kB
Mapped:            24748 kB
Shmem:              6100 kB
Slab:              30812 kB
SReclaimable:      17368 kB
SUnreclaim:        13444 kB
KernelStack:        4048 kB
PageTables:         9876 kB
NFS_Unstable:          0 kB
Bounce:                0 kB
WritebackTmp:          0 kB
CommitLimit:      775408 kB
Committed_AS:    4035244 kB
VmallocTotal:     512056 kB
VmallocUsed:       24704 kB
VmallocChunk:     485400 kB
AnonHugePages:         0 kB
CmaTotal:              0 kB
CmaFree:               0 kB
HugePages_Total:       0
HugePages_Free:        0
HugePages_Rsvd:        0
HugePages_Surp:        0
Hugepagesize:       2048 kB
DirectMap4k:      366528 kB
DirectMap2M:      157696 kB


CPU:total 1 (1 cores per cpu, 1 threads per core) family 6 model 58 stepping 9, cmov, cx8, fxsr, mmx, sse, sse2, sse3, ssse3, tsc

/proc/cpuinfo:
processor	: 0
vendor_id	: GenuineIntel
cpu family	: 6
model		: 58
model name	: Intel(R) Core(TM) i5-3210M CPU @ 2.50GHz
stepping	: 9
microcode	: 0x19
cpu MHz		: 2495.118
cache size	: 6144 KB
physical id	: 0
siblings	: 1
core id		: 0
cpu cores	: 1
apicid		: 0
initial apicid	: 0
fdiv_bug	: no
f00f_bug	: no
coma_bug	: no
fpu		: yes
fpu_exception	: yes
cpuid level	: 5
wp		: yes
flags		: fpu vme de pse tsc msr pae mce cx8 apic sep mtrr pge mca cmov pat pse36 clflush mmx fxsr sse sse2 nx rdtscp constant_tsc pni monitor ssse3
bugs		:
bogomips	: 4990.23
clflush size	: 64
cache_alignment	: 64
address sizes	: 36 bits physical, 48 bits virtual
power management:



Memory: 4k page, physical 506348k(6000k free), swap 522236k(0k free)

vm_info: OpenJDK Server VM (25.45-b02) for linux-x86 JRE (1.8.0_45-internal-b14), built on Apr 20 2015 00:35:55 by "buildd" with gcc 4.9.2

time: Mon Dec 28 12:14:49 2015
elapsed time: 4 seconds (0d 0h 0m 4s)

